[33m2024-10-23 10:05:16,072[0;39m [33m[0;39m [34mINFO [0;39m [32mcom.wlq.memoapi.MemoApiApplication[0;39m - [36m[logStarting,50][0;39m - Starting MemoApiApplication using Java 17.0.6 with PID 47324 (D:\wuliuqi_code\MemoApi\MemoApi\target\classes started by wuliuqi in D:\wuliuqi_code\MemoApi\MemoApi)
[33m2024-10-23 10:05:16,077[0;39m [33m[0;39m [34mINFO [0;39m [32mcom.wlq.memoapi.MemoApiApplication[0;39m - [36m[logStartupProfileInfo,654][0;39m - No active profile set, falling back to 1 default profile: "default"
[33m2024-10-23 10:10:17,260[0;39m [33m[0;39m [34mINFO [0;39m [32mcom.wlq.memoapi.MemoApiApplication[0;39m - [36m[logStarting,50][0;39m - Starting MemoApiApplication using Java 17.0.6 with PID 39340 (D:\wuliuqi_code\MemoApi\MemoApi\target\classes started by wuliuqi in D:\wuliuqi_code\MemoApi\MemoApi)
[33m2024-10-23 10:10:17,266[0;39m [33m[0;39m [34mINFO [0;39m [32mcom.wlq.memoapi.MemoApiApplication[0;39m - [36m[logStartupProfileInfo,654][0;39m - No active profile set, falling back to 1 default profile: "default"
[33m2024-10-23 10:10:19,568[0;39m [33m[0;39m [34mINFO [0;39m [32mcom.wlq.memoapi.MemoApiApplication[0;39m - [36m[logStarted,56][0;39m - Started MemoApiApplication in 2.717 seconds (process running for 3.472)
[33m2024-10-23 10:48:36,887[0;39m [33m[0;39m [34mINFO [0;39m [32mcom.wlq.memoapi.MemoApiApplication[0;39m - [36m[logStarting,50][0;39m - Starting MemoApiApplication using Java 17.0.6 with PID 956 (D:\wuliuqi_code\MemoApi\MemoApi\target\classes started by wuliuqi in D:\wuliuqi_code\MemoApi\MemoApi)
[33m2024-10-23 10:48:36,891[0;39m [33m[0;39m [34mINFO [0;39m [32mcom.wlq.memoapi.MemoApiApplication[0;39m - [36m[logStartupProfileInfo,654][0;39m - No active profile set, falling back to 1 default profile: "default"
[33m2024-10-23 10:48:38,953[0;39m [33m[0;39m [34mINFO [0;39m [32mcom.wlq.memoapi.MemoApiApplication[0;39m - [36m[logStarted,56][0;39m - Started MemoApiApplication in 2.439 seconds (process running for 3.179)
[33m2024-10-23 11:38:14,928[0;39m [33m[0;39m [34mINFO [0;39m [32mcom.wlq.memoapi.MemoApiApplication[0;39m - [36m[logStarting,50][0;39m - Starting MemoApiApplication using Java 17.0.6 with PID 40524 (D:\wuliuqi_code\MemoApi\MemoApi\target\classes started by wuliuqi in D:\wuliuqi_code\MemoApi\MemoApi)
[33m2024-10-23 11:38:14,932[0;39m [33m[0;39m [34mINFO [0;39m [32mcom.wlq.memoapi.MemoApiApplication[0;39m - [36m[logStartupProfileInfo,654][0;39m - No active profile set, falling back to 1 default profile: "default"
[33m2024-10-23 11:38:17,343[0;39m [33m[0;39m [34mINFO [0;39m [32mcom.wlq.memoapi.MemoApiApplication[0;39m - [36m[logStarted,56][0;39m - Started MemoApiApplication in 2.792 seconds (process running for 3.548)
[33m2024-10-23 11:47:35,208[0;39m [33m[0;39m [34mINFO [0;39m [32mcom.wlq.memoapi.MemoApiApplicationTests[0;39m - [36m[logStarting,50][0;39m - Starting MemoApiApplicationTests using Java 17.0.6 with PID 53784 (started by wuliuqi in D:\wuliuqi_code\MemoApi\MemoApi)
[33m2024-10-23 11:47:35,211[0;39m [33m[0;39m [34mINFO [0;39m [32mcom.wlq.memoapi.MemoApiApplicationTests[0;39m - [36m[logStartupProfileInfo,654][0;39m - No active profile set, falling back to 1 default profile: "default"
[33m2024-10-23 11:47:39,250[0;39m [33m[0;39m [34mINFO [0;39m [32mcom.wlq.memoapi.MemoApiApplicationTests[0;39m - [36m[logStarted,56][0;39m - Started MemoApiApplicationTests in 4.383 seconds (process running for 5.677)
[33m2024-10-23 11:49:14,849[0;39m [33m[0;39m [34mINFO [0;39m [32mcom.wlq.memoapi.MemoApiApplicationTests[0;39m - [36m[logStarting,50][0;39m - Starting MemoApiApplicationTests using Java 17.0.6 with PID 46740 (started by wuliuqi in D:\wuliuqi_code\MemoApi\MemoApi)
[33m2024-10-23 11:49:14,850[0;39m [33m[0;39m [34mINFO [0;39m [32mcom.wlq.memoapi.MemoApiApplicationTests[0;39m - [36m[logStartupProfileInfo,654][0;39m - No active profile set, falling back to 1 default profile: "default"
[33m2024-10-23 11:49:18,991[0;39m [33m[0;39m [34mINFO [0;39m [32mcom.wlq.memoapi.MemoApiApplicationTests[0;39m - [36m[logStarted,56][0;39m - Started MemoApiApplicationTests in 4.513 seconds (process running for 5.892)
[33m2024-10-23 11:52:44,396[0;39m [33m[0;39m [34mINFO [0;39m [32mcom.wlq.memoapi.MemoApiApplication[0;39m - [36m[logStarting,50][0;39m - Starting MemoApiApplication using Java 17.0.6 with PID 53396 (D:\wuliuqi_code\MemoApi\MemoApi\target\classes started by wuliuqi in D:\wuliuqi_code\MemoApi\MemoApi)
[33m2024-10-23 11:52:44,400[0;39m [33m[0;39m [34mINFO [0;39m [32mcom.wlq.memoapi.MemoApiApplication[0;39m - [36m[logStartupProfileInfo,654][0;39m - No active profile set, falling back to 1 default profile: "default"
[33m2024-10-23 11:52:46,670[0;39m [33m[0;39m [34mINFO [0;39m [32mcom.wlq.memoapi.MemoApiApplication[0;39m - [36m[logStarted,56][0;39m - Started MemoApiApplication in 2.695 seconds (process running for 3.434)
[33m2024-10-23 11:52:57,293[0;39m [33m[0;39m [34mINFO [0;39m [32mcom.wlq.memoapi.MemoApiApplicationTests[0;39m - [36m[logStarting,50][0;39m - Starting MemoApiApplicationTests using Java 17.0.6 with PID 51672 (started by wuliuqi in D:\wuliuqi_code\MemoApi\MemoApi)
[33m2024-10-23 11:52:57,294[0;39m [33m[0;39m [34mINFO [0;39m [32mcom.wlq.memoapi.MemoApiApplicationTests[0;39m - [36m[logStartupProfileInfo,654][0;39m - No active profile set, falling back to 1 default profile: "default"
[33m2024-10-23 11:53:01,626[0;39m [33m[0;39m [34mINFO [0;39m [32mcom.wlq.memoapi.MemoApiApplicationTests[0;39m - [36m[logStarted,56][0;39m - Started MemoApiApplicationTests in 4.677 seconds (process running for 6.031)
[33m2024-10-23 11:55:26,521[0;39m [33m[0;39m [34mINFO [0;39m [32mcom.wlq.memoapi.MemoApiApplicationTests[0;39m - [36m[logStarting,50][0;39m - Starting MemoApiApplicationTests using Java 17.0.6 with PID 53856 (started by wuliuqi in D:\wuliuqi_code\MemoApi\MemoApi)
[33m2024-10-23 11:55:26,522[0;39m [33m[0;39m [34mINFO [0;39m [32mcom.wlq.memoapi.MemoApiApplicationTests[0;39m - [36m[logStartupProfileInfo,654][0;39m - No active profile set, falling back to 1 default profile: "default"
[33m2024-10-23 11:55:30,831[0;39m [33m[0;39m [34mINFO [0;39m [32mcom.wlq.memoapi.MemoApiApplicationTests[0;39m - [36m[logStarted,56][0;39m - Started MemoApiApplicationTests in 4.675 seconds (process running for 6.06)
[33m2024-10-23 11:59:02,949[0;39m [33m[0;39m [34mINFO [0;39m [32mcom.wlq.memoapi.MemoApiApplicationTests[0;39m - [36m[logStarting,50][0;39m - Starting MemoApiApplicationTests using Java 17.0.6 with PID 54112 (started by wuliuqi in D:\wuliuqi_code\MemoApi\MemoApi)
[33m2024-10-23 11:59:02,950[0;39m [33m[0;39m [34mINFO [0;39m [32mcom.wlq.memoapi.MemoApiApplicationTests[0;39m - [36m[logStartupProfileInfo,654][0;39m - No active profile set, falling back to 1 default profile: "default"
[33m2024-10-23 11:59:07,048[0;39m [33m[0;39m [34mINFO [0;39m [32mcom.wlq.memoapi.MemoApiApplicationTests[0;39m - [36m[logStarted,56][0;39m - Started MemoApiApplicationTests in 4.45 seconds (process running for 5.8)
[33m2024-10-23 12:03:26,472[0;39m [33m[0;39m [34mINFO [0;39m [32mcom.wlq.memoapi.MemoApiApplicationTests[0;39m - [36m[logStarting,50][0;39m - Starting MemoApiApplicationTests using Java 17.0.6 with PID 13152 (started by wuliuqi in D:\wuliuqi_code\MemoApi\MemoApi)
[33m2024-10-23 12:03:26,473[0;39m [33m[0;39m [34mINFO [0;39m [32mcom.wlq.memoapi.MemoApiApplicationTests[0;39m - [36m[logStartupProfileInfo,654][0;39m - No active profile set, falling back to 1 default profile: "default"
[33m2024-10-23 12:03:30,549[0;39m [33m[0;39m [34mINFO [0;39m [32mcom.wlq.memoapi.MemoApiApplicationTests[0;39m - [36m[logStarted,56][0;39m - Started MemoApiApplicationTests in 4.428 seconds (process running for 6.175)
[33m2024-10-23 12:05:03,607[0;39m [33m[0;39m [34mINFO [0;39m [32mcom.wlq.memoapi.MemoApiApplicationTests[0;39m - [36m[logStarting,50][0;39m - Starting MemoApiApplicationTests using Java 17.0.6 with PID 38096 (started by wuliuqi in D:\wuliuqi_code\MemoApi\MemoApi)
[33m2024-10-23 12:05:03,609[0;39m [33m[0;39m [34mINFO [0;39m [32mcom.wlq.memoapi.MemoApiApplicationTests[0;39m - [36m[logStartupProfileInfo,654][0;39m - No active profile set, falling back to 1 default profile: "default"
[33m2024-10-23 12:05:07,753[0;39m [33m[0;39m [34mINFO [0;39m [32mcom.wlq.memoapi.MemoApiApplicationTests[0;39m - [36m[logStarted,56][0;39m - Started MemoApiApplicationTests in 4.479 seconds (process running for 5.798)
[33m2024-10-23 12:05:52,053[0;39m [33m[0;39m [34mINFO [0;39m [32mcom.wlq.memoapi.MemoApiApplicationTests[0;39m - [36m[logStarting,50][0;39m - Starting MemoApiApplicationTests using Java 17.0.6 with PID 4972 (started by wuliuqi in D:\wuliuqi_code\MemoApi\MemoApi)
[33m2024-10-23 12:05:52,054[0;39m [33m[0;39m [34mINFO [0;39m [32mcom.wlq.memoapi.MemoApiApplicationTests[0;39m - [36m[logStartupProfileInfo,654][0;39m - No active profile set, falling back to 1 default profile: "default"
[33m2024-10-23 12:05:56,294[0;39m [33m[0;39m [34mINFO [0;39m [32mcom.wlq.memoapi.MemoApiApplicationTests[0;39m - [36m[logStarted,56][0;39m - Started MemoApiApplicationTests in 4.575 seconds (process running for 5.943)
[33m2024-10-23 12:07:44,000[0;39m [33m[0;39m [34mINFO [0;39m [32mcom.wlq.memoapi.MemoApiApplicationTests[0;39m - [36m[logStarting,50][0;39m - Starting MemoApiApplicationTests using Java 17.0.6 with PID 52640 (started by wuliuqi in D:\wuliuqi_code\MemoApi\MemoApi)
[33m2024-10-23 12:07:44,001[0;39m [33m[0;39m [34mINFO [0;39m [32mcom.wlq.memoapi.MemoApiApplicationTests[0;39m - [36m[logStartupProfileInfo,654][0;39m - No active profile set, falling back to 1 default profile: "default"
[33m2024-10-23 12:07:48,208[0;39m [33m[0;39m [34mINFO [0;39m [32mcom.wlq.memoapi.MemoApiApplicationTests[0;39m - [36m[logStarted,56][0;39m - Started MemoApiApplicationTests in 4.545 seconds (process running for 5.861)
[33m2024-10-23 12:08:26,448[0;39m [33m[0;39m [34mINFO [0;39m [32mcom.wlq.memoapi.MemoApiApplicationTests[0;39m - [36m[logStarting,50][0;39m - Starting MemoApiApplicationTests using Java 17.0.6 with PID 35040 (started by wuliuqi in D:\wuliuqi_code\MemoApi\MemoApi)
[33m2024-10-23 12:08:26,449[0;39m [33m[0;39m [34mINFO [0;39m [32mcom.wlq.memoapi.MemoApiApplicationTests[0;39m - [36m[logStartupProfileInfo,654][0;39m - No active profile set, falling back to 1 default profile: "default"
[33m2024-10-23 12:08:30,642[0;39m [33m[0;39m [34mINFO [0;39m [32mcom.wlq.memoapi.MemoApiApplicationTests[0;39m - [36m[logStarted,56][0;39m - Started MemoApiApplicationTests in 4.551 seconds (process running for 5.841)
[33m2024-10-23 12:08:48,428[0;39m [33m[0;39m [34mINFO [0;39m [32mcom.wlq.memoapi.MemoApiApplicationTests[0;39m - [36m[logStarting,50][0;39m - Starting MemoApiApplicationTests using Java 17.0.6 with PID 2052 (started by wuliuqi in D:\wuliuqi_code\MemoApi\MemoApi)
[33m2024-10-23 12:08:48,429[0;39m [33m[0;39m [34mINFO [0;39m [32mcom.wlq.memoapi.MemoApiApplicationTests[0;39m - [36m[logStartupProfileInfo,654][0;39m - No active profile set, falling back to 1 default profile: "default"
[33m2024-10-23 12:08:52,631[0;39m [33m[0;39m [34mINFO [0;39m [32mcom.wlq.memoapi.MemoApiApplicationTests[0;39m - [36m[logStarted,56][0;39m - Started MemoApiApplicationTests in 4.533 seconds (process running for 5.876)
[33m2024-10-23 12:17:35,247[0;39m [33m[0;39m [34mINFO [0;39m [32mcom.wlq.memoapi.MemoApiApplicationTests[0;39m - [36m[logStarting,50][0;39m - Starting MemoApiApplicationTests using Java 17.0.6 with PID 51820 (started by wuliuqi in D:\wuliuqi_code\MemoApi\MemoApi)
[33m2024-10-23 12:17:35,252[0;39m [33m[0;39m [34mINFO [0;39m [32mcom.wlq.memoapi.MemoApiApplicationTests[0;39m - [36m[logStartupProfileInfo,654][0;39m - No active profile set, falling back to 1 default profile: "default"
[33m2024-10-23 12:17:42,881[0;39m [33m[0;39m [34mINFO [0;39m [32mcom.wlq.memoapi.MemoApiApplicationTests[0;39m - [36m[logStarted,56][0;39m - Started MemoApiApplicationTests in 8.509 seconds (process running for 12.633)
[33m2024-10-23 18:26:48,599[0;39m [33m[0;39m [34mINFO [0;39m [32mcom.wlq.memoapi.MemoApiApplication[0;39m - [36m[logStarting,50][0;39m - Starting MemoApiApplication using Java 17.0.6 with PID 35172 (D:\wuliuqi_code\MemoApi\MemoApi\target\classes started by wuliuqi in D:\wuliuqi_code\MemoApi\MemoApi)
[33m2024-10-23 18:26:48,603[0;39m [33m[0;39m [34mINFO [0;39m [32mcom.wlq.memoapi.MemoApiApplication[0;39m - [36m[logStartupProfileInfo,654][0;39m - No active profile set, falling back to 1 default profile: "default"
[33m2024-10-23 18:26:51,415[0;39m [33m[0;39m [34mINFO [0;39m [32mcom.wlq.memoapi.MemoApiApplication[0;39m - [36m[logStarted,56][0;39m - Started MemoApiApplication in 3.233 seconds (process running for 4.209)
[33m2024-10-23 18:30:24,693[0;39m [33m[0;39m [34mINFO [0;39m [32mcom.wlq.memoapi.MemoApiApplication[0;39m - [36m[logStarting,50][0;39m - Starting MemoApiApplication using Java 17.0.6 with PID 25644 (D:\wuliuqi_code\MemoApi\MemoApi\target\classes started by wuliuqi in D:\wuliuqi_code\MemoApi\MemoApi)
[33m2024-10-23 18:30:24,696[0;39m [33m[0;39m [34mINFO [0;39m [32mcom.wlq.memoapi.MemoApiApplication[0;39m - [36m[logStartupProfileInfo,654][0;39m - No active profile set, falling back to 1 default profile: "default"
[33m2024-10-23 18:30:27,343[0;39m [33m[0;39m [34mINFO [0;39m [32mcom.wlq.memoapi.MemoApiApplication[0;39m - [36m[logStarted,56][0;39m - Started MemoApiApplication in 3.097 seconds (process running for 4.218)
[33m2024-10-23 18:32:46,646[0;39m [33m[0;39m [34mINFO [0;39m [32mcom.wlq.memoapi.MemoApiApplication[0;39m - [36m[logStarting,50][0;39m - Starting MemoApiApplication using Java 17.0.6 with PID 22616 (D:\wuliuqi_code\MemoApi\MemoApi\target\classes started by wuliuqi in D:\wuliuqi_code\MemoApi\MemoApi)
[33m2024-10-23 18:32:46,650[0;39m [33m[0;39m [34mINFO [0;39m [32mcom.wlq.memoapi.MemoApiApplication[0;39m - [36m[logStartupProfileInfo,654][0;39m - No active profile set, falling back to 1 default profile: "default"
[33m2024-10-23 18:32:49,155[0;39m [33m[0;39m [34mINFO [0;39m [32mcom.wlq.memoapi.MemoApiApplication[0;39m - [36m[logStarted,56][0;39m - Started MemoApiApplication in 2.939 seconds (process running for 3.788)
[33m2024-10-23 18:45:29,299[0;39m [33m[0;39m [34mINFO [0;39m [32mcom.wlq.memoapi.MemoApiApplication[0;39m - [36m[logStarting,50][0;39m - Starting MemoApiApplication using Java 17.0.6 with PID 39108 (D:\wuliuqi_code\MemoApi\MemoApi\target\classes started by wuliuqi in D:\wuliuqi_code\MemoApi\MemoApi)
[33m2024-10-23 18:45:29,304[0;39m [33m[0;39m [34mINFO [0;39m [32mcom.wlq.memoapi.MemoApiApplication[0;39m - [36m[logStartupProfileInfo,654][0;39m - No active profile set, falling back to 1 default profile: "default"
[33m2024-10-23 18:45:32,565[0;39m [33m[0;39m [34mINFO [0;39m [32mcom.wlq.memoapi.MemoApiApplication[0;39m - [36m[logStarted,56][0;39m - Started MemoApiApplication in 3.708 seconds (process running for 4.774)
[33m2024-10-23 18:56:18,366[0;39m [33m[0;39m [34mINFO [0;39m [32mcom.wlq.memoapi.MemoApiApplication[0;39m - [36m[logStarting,50][0;39m - Starting MemoApiApplication using Java 17.0.6 with PID 19732 (D:\wuliuqi_code\MemoApi\MemoApi\target\classes started by wuliuqi in D:\wuliuqi_code\MemoApi\MemoApi)
[33m2024-10-23 18:56:18,370[0;39m [33m[0;39m [34mINFO [0;39m [32mcom.wlq.memoapi.MemoApiApplication[0;39m - [36m[logStartupProfileInfo,654][0;39m - No active profile set, falling back to 1 default profile: "default"
[33m2024-10-23 18:56:20,851[0;39m [33m[0;39m [34mINFO [0;39m [32mcom.wlq.memoapi.MemoApiApplication[0;39m - [36m[logStarted,56][0;39m - Started MemoApiApplication in 2.886 seconds (process running for 3.726)
[33m2024-10-23 19:00:35,340[0;39m [33m[0;39m [34mINFO [0;39m [32mcom.wlq.memoapi.MemoApiApplication[0;39m - [36m[logStarting,50][0;39m - Starting MemoApiApplication using Java 17.0.6 with PID 54132 (D:\wuliuqi_code\MemoApi\MemoApi\target\classes started by wuliuqi in D:\wuliuqi_code\MemoApi\MemoApi)
[33m2024-10-23 19:00:35,345[0;39m [33m[0;39m [34mINFO [0;39m [32mcom.wlq.memoapi.MemoApiApplication[0;39m - [36m[logStartupProfileInfo,654][0;39m - No active profile set, falling back to 1 default profile: "default"
[33m2024-10-23 19:00:37,838[0;39m [33m[0;39m [34mINFO [0;39m [32mcom.wlq.memoapi.MemoApiApplication[0;39m - [36m[logStarted,56][0;39m - Started MemoApiApplication in 2.925 seconds (process running for 3.765)
[33m2024-10-23 19:03:20,633[0;39m [33m[0;39m [34mINFO [0;39m [32mcom.wlq.memoapi.MemoApiApplicationTests[0;39m - [36m[logStarting,50][0;39m - Starting MemoApiApplicationTests using Java 17.0.6 with PID 55940 (started by wuliuqi in D:\wuliuqi_code\MemoApi\MemoApi)
[33m2024-10-23 19:03:20,635[0;39m [33m[0;39m [34mINFO [0;39m [32mcom.wlq.memoapi.MemoApiApplicationTests[0;39m - [36m[logStartupProfileInfo,654][0;39m - No active profile set, falling back to 1 default profile: "default"
[33m2024-10-23 19:03:24,698[0;39m [33m[0;39m [34mINFO [0;39m [32mcom.wlq.memoapi.MemoApiApplicationTests[0;39m - [36m[logStarted,56][0;39m - Started MemoApiApplicationTests in 4.399 seconds (process running for 5.77)
[33m2024-10-23 20:09:01,525[0;39m [33m[0;39m [34mINFO [0;39m [32mcom.wlq.memoapi.MemoApiApplicationTests[0;39m - [36m[logStarting,50][0;39m - Starting MemoApiApplicationTests using Java 17.0.6 with PID 51580 (started by wuliuqi in D:\wuliuqi_code\MemoApi\MemoApi)
[33m2024-10-23 20:09:01,527[0;39m [33m[0;39m [34mINFO [0;39m [32mcom.wlq.memoapi.MemoApiApplicationTests[0;39m - [36m[logStartupProfileInfo,654][0;39m - No active profile set, falling back to 1 default profile: "default"
[33m2024-10-23 20:09:05,738[0;39m [33m[0;39m [34mINFO [0;39m [32mcom.wlq.memoapi.MemoApiApplicationTests[0;39m - [36m[logStarted,56][0;39m - Started MemoApiApplicationTests in 4.553 seconds (process running for 5.916)
[33m2024-10-23 20:20:27,836[0;39m [33m[0;39m [34mINFO [0;39m [32mcom.wlq.memoapi.MemoApiApplicationTests[0;39m - [36m[logStarting,50][0;39m - Starting MemoApiApplicationTests using Java 17.0.6 with PID 51524 (started by wuliuqi in D:\wuliuqi_code\MemoApi\MemoApi)
[33m2024-10-23 20:20:27,839[0;39m [33m[0;39m [34mINFO [0;39m [32mcom.wlq.memoapi.MemoApiApplicationTests[0;39m - [36m[logStartupProfileInfo,654][0;39m - No active profile set, falling back to 1 default profile: "default"
[33m2024-10-23 20:20:32,045[0;39m [33m[0;39m [34mINFO [0;39m [32mcom.wlq.memoapi.MemoApiApplicationTests[0;39m - [36m[logStarted,56][0;39m - Started MemoApiApplicationTests in 4.562 seconds (process running for 6.021)
[33m2024-10-23 20:21:21,954[0;39m [33m[0;39m [34mINFO [0;39m [32mcom.wlq.memoapi.MemoApiApplicationTests[0;39m - [36m[logStarting,50][0;39m - Starting MemoApiApplicationTests using Java 17.0.6 with PID 52680 (started by wuliuqi in D:\wuliuqi_code\MemoApi\MemoApi)
[33m2024-10-23 20:21:21,955[0;39m [33m[0;39m [34mINFO [0;39m [32mcom.wlq.memoapi.MemoApiApplicationTests[0;39m - [36m[logStartupProfileInfo,654][0;39m - No active profile set, falling back to 1 default profile: "default"
[33m2024-10-23 20:21:26,519[0;39m [33m[0;39m [34mINFO [0;39m [32mcom.wlq.memoapi.MemoApiApplicationTests[0;39m - [36m[logStarted,56][0;39m - Started MemoApiApplicationTests in 4.938 seconds (process running for 6.461)
[33m2024-10-23 20:21:26,606[0;39m [33m[0;39m [34mINFO [0;39m [32mcom.wlq.memoapi.MemoApiApplication[0;39m - [36m[logStarting,50][0;39m - Starting MemoApiApplication using Java 17.0.6 with PID 30220 (D:\wuliuqi_code\MemoApi\MemoApi\target\classes started by wuliuqi in D:\wuliuqi_code\MemoApi\MemoApi)
[33m2024-10-23 20:21:26,610[0;39m [33m[0;39m [34mINFO [0;39m [32mcom.wlq.memoapi.MemoApiApplication[0;39m - [36m[logStartupProfileInfo,654][0;39m - No active profile set, falling back to 1 default profile: "default"
[33m2024-10-23 20:21:29,685[0;39m [33m[0;39m [34mINFO [0;39m [32mcom.wlq.memoapi.MemoApiApplication[0;39m - [36m[logStarted,56][0;39m - Started MemoApiApplication in 3.787 seconds (process running for 4.907)
[33m2024-10-23 20:32:19,201[0;39m [33m[0;39m [34mINFO [0;39m [32mcom.wlq.memoapi.MemoApiApplication[0;39m - [36m[logStarting,50][0;39m - Starting MemoApiApplication using Java 17.0.6 with PID 12636 (D:\wuliuqi_code\MemoApi\MemoApi\target\classes started by wuliuqi in D:\wuliuqi_code\MemoApi\MemoApi)
[33m2024-10-23 20:32:19,206[0;39m [33m[0;39m [34mINFO [0;39m [32mcom.wlq.memoapi.MemoApiApplication[0;39m - [36m[logStartupProfileInfo,654][0;39m - No active profile set, falling back to 1 default profile: "default"
[33m2024-10-23 20:32:21,670[0;39m [33m[0;39m [34mINFO [0;39m [32mcom.wlq.memoapi.MemoApiApplication[0;39m - [36m[logStarted,56][0;39m - Started MemoApiApplication in 2.881 seconds (process running for 3.722)
[33m2024-10-23 21:22:40,604[0;39m [33m[0;39m [34mINFO [0;39m [32mcom.wlq.memoapi.MemoApiApplicationTests[0;39m - [36m[logStarting,50][0;39m - Starting MemoApiApplicationTests using Java 17.0.6 with PID 1664 (started by wuliuqi in D:\wuliuqi_code\MemoApi\MemoApi)
[33m2024-10-23 21:22:40,607[0;39m [33m[0;39m [34mINFO [0;39m [32mcom.wlq.memoapi.MemoApiApplicationTests[0;39m - [36m[logStartupProfileInfo,654][0;39m - No active profile set, falling back to 1 default profile: "default"
[33m2024-10-23 21:22:44,888[0;39m [33m[0;39m [34mINFO [0;39m [32mcom.wlq.memoapi.MemoApiApplicationTests[0;39m - [36m[logStarted,56][0;39m - Started MemoApiApplicationTests in 4.608 seconds (process running for 5.931)
