[33m2024-10-25 10:40:48,176[0;39m [33m[0;39m [34mINFO [0;39m [32mcom.wlq.memoapi.MemoApiApplication[0;39m - [36m[logStarting,50][0;39m - Starting MemoApiApplication using Java 17.0.6 with PID 2880 (D:\wuliuqi_code\MemoApi\MemoApi\target\classes started by wuliuqi in D:\wuliuqi_code\MemoApi\MemoApi)
[33m2024-10-25 10:40:48,191[0;39m [33m[0;39m [34mINFO [0;39m [32mcom.wlq.memoapi.MemoApiApplication[0;39m - [36m[logStartupProfileInfo,654][0;39m - No active profile set, falling back to 1 default profile: "default"
[33m2024-10-25 10:40:48,853[0;39m [33m[0;39m [39mDEBUG[0;39m [32morg.apache.ibatis.logging.LogFactory[0;39m - [36m[setImplementation,112][0;39m - Logging initialized using 'class org.apache.ibatis.logging.slf4j.Slf4jImpl' adapter.
[33m2024-10-25 10:40:48,861[0;39m [33m[0;39m [31mWARN [0;39m [32morg.mybatis.spring.mapper.ClassPathMapperScanner[0;39m - [36m[warn,44][0;39m - Skipping MapperFactoryBean with name 'TBorrowRecordMapper' and 'com.wlq.memoapi.api.mapper.TBorrowRecordMapper' mapperInterface. Bean already defined with the same name!
[33m2024-10-25 10:40:48,862[0;39m [33m[0;39m [31mWARN [0;39m [32morg.mybatis.spring.mapper.ClassPathMapperScanner[0;39m - [36m[warn,44][0;39m - Skipping MapperFactoryBean with name 'TUserMapper' and 'com.wlq.memoapi.api.mapper.TUserMapper' mapperInterface. Bean already defined with the same name!
[33m2024-10-25 10:40:48,862[0;39m [33m[0;39m [31mWARN [0;39m [32morg.mybatis.spring.mapper.ClassPathMapperScanner[0;39m - [36m[warn,44][0;39m - No MyBatis mapper was found in '[com.wlq.memoapi.api.mapper]' package. Please check your configuration.
[33m2024-10-25 10:40:49,268[0;39m [33m[0;39m [34mINFO [0;39m [32morg.springframework.boot.web.embedded.tomcat.TomcatWebServer[0;39m - [36m[initialize,111][0;39m - Tomcat initialized with port 8889 (http)
[33m2024-10-25 10:40:49,280[0;39m [33m[0;39m [34mINFO [0;39m [32morg.apache.coyote.http11.Http11NioProtocol[0;39m - [36m[log,173][0;39m - Initializing ProtocolHandler ["http-nio-8889"]
[33m2024-10-25 10:40:49,283[0;39m [33m[0;39m [34mINFO [0;39m [32morg.apache.catalina.core.StandardService[0;39m - [36m[log,173][0;39m - Starting service [Tomcat]
[33m2024-10-25 10:40:49,284[0;39m [33m[0;39m [34mINFO [0;39m [32morg.apache.catalina.core.StandardEngine[0;39m - [36m[log,173][0;39m - Starting Servlet engine: [Apache Tomcat/10.1.30]
[33m2024-10-25 10:40:49,349[0;39m [33m[0;39m [34mINFO [0;39m [32morg.apache.catalina.core.ContainerBase.[Tomcat].[localhost].[/memoapi][0;39m - [36m[log,173][0;39m - Initializing Spring embedded WebApplicationContext
[33m2024-10-25 10:40:49,349[0;39m [33m[0;39m [34mINFO [0;39m [32morg.springframework.boot.web.servlet.context.ServletWebServerApplicationContext[0;39m - [36m[prepareWebApplicationContext,296][0;39m - Root WebApplicationContext: initialization completed in 1099 ms
[33m2024-10-25 10:40:49,545[0;39m [33m[0;39m [39mDEBUG[0;39m [32mcom.baomidou.mybatisplus.extension.spring.MybatisSqlSessionFactoryBean[0;39m - [36m[debug,49][0;39m - Registered plugin: 'MybatisPlusInterceptor{interceptors=[PaginationInnerInterceptor(logger=org.apache.ibatis.logging.slf4j.Slf4jImpl@12219f6a, overflow=false, maxLimit=null, dbType=null, dialect=null, optimizeJoin=true)]}'
[33m2024-10-25 10:40:49,684[0;39m [33m[0;39m [31mWARN [0;39m [32mcom.baomidou.mybatisplus.core.injector.DefaultSqlInjector[0;39m - [36m[getMethodList,56][0;39m - class com.wlq.memoapi.api.domain.TBorrowRecord ,Not found @TableId annotation, Cannot use Mybatis-Plus 'xxById' Method.
[33m2024-10-25 10:40:49,711[0;39m [33m[0;39m [39mDEBUG[0;39m [32mcom.baomidou.mybatisplus.extension.spring.MybatisSqlSessionFactoryBean[0;39m - [36m[debug,49][0;39m - Parsed mapper file: 'file [D:\wuliuqi_code\MemoApi\MemoApi\target\classes\mapper\TBorrowRecordMapper.xml]'
[33m2024-10-25 10:40:49,739[0;39m [33m[0;39m [39mDEBUG[0;39m [32mcom.baomidou.mybatisplus.extension.spring.MybatisSqlSessionFactoryBean[0;39m - [36m[debug,49][0;39m - Parsed mapper file: 'file [D:\wuliuqi_code\MemoApi\MemoApi\target\classes\mapper\TUserMapper.xml]'
[33m2024-10-25 10:40:50,958[0;39m [33m[0;39m [34mINFO [0;39m [32morg.apache.coyote.http11.Http11NioProtocol[0;39m - [36m[log,173][0;39m - Starting ProtocolHandler ["http-nio-8889"]
[33m2024-10-25 10:40:50,979[0;39m [33m[0;39m [34mINFO [0;39m [32morg.springframework.boot.web.embedded.tomcat.TomcatWebServer[0;39m - [36m[start,243][0;39m - Tomcat started on port 8889 (http) with context path '/memoapi'
[33m2024-10-25 10:40:50,987[0;39m [33m[0;39m [34mINFO [0;39m [32mcom.wlq.memoapi.MemoApiApplication[0;39m - [36m[logStarted,56][0;39m - Started MemoApiApplication in 3.274 seconds (process running for 4.76)
[33m2024-10-25 10:46:00,581[0;39m [33m[0;39m [34mINFO [0;39m [32morg.apache.catalina.core.ContainerBase.[Tomcat].[localhost].[/memoapi][0;39m - [36m[log,173][0;39m - Initializing Spring DispatcherServlet 'dispatcherServlet'
[33m2024-10-25 10:46:00,581[0;39m [33m[0;39m [34mINFO [0;39m [32morg.springframework.web.servlet.DispatcherServlet[0;39m - [36m[initServletBean,532][0;39m - Initializing Servlet 'dispatcherServlet'
[33m2024-10-25 10:46:00,582[0;39m [33m[0;39m [34mINFO [0;39m [32morg.springframework.web.servlet.DispatcherServlet[0;39m - [36m[initServletBean,554][0;39m - Completed initialization in 1 ms
